{"M:\\devwork\\aoc-watcher\\utils\\format.ts": {"path":"M:\\devwork\\aoc-watcher\\utils\\format.ts","all":false,"statementMap":{"0":{"start":{"line":1,"column":0},"end":{"line":1,"column":28}},"1":{"start":{"line":2,"column":0},"end":{"line":2,"column":0}},"2":{"start":{"line":3,"column":0},"end":{"line":3,"column":49}},"3":{"start":{"line":4,"column":0},"end":{"line":4,"column":69}},"4":{"start":{"line":5,"column":0},"end":{"line":5,"column":44}},"5":{"start":{"line":6,"column":0},"end":{"line":6,"column":1}},"6":{"start":{"line":7,"column":0},"end":{"line":7,"column":0}},"7":{"start":{"line":8,"column":0},"end":{"line":8,"column":77}},"8":{"start":{"line":9,"column":0},"end":{"line":9,"column":48}},"9":{"start":{"line":10,"column":0},"end":{"line":10,"column":35}},"10":{"start":{"line":11,"column":0},"end":{"line":11,"column":15}},"11":{"start":{"line":12,"column":0},"end":{"line":12,"column":92}},"12":{"start":{"line":13,"column":0},"end":{"line":13,"column":3}},"13":{"start":{"line":14,"column":0},"end":{"line":14,"column":34}},"14":{"start":{"line":15,"column":0},"end":{"line":15,"column":1}},"15":{"start":{"line":16,"column":0},"end":{"line":16,"column":0}},"16":{"start":{"line":17,"column":0},"end":{"line":17,"column":52}},"17":{"start":{"line":18,"column":0},"end":{"line":18,"column":62}},"18":{"start":{"line":19,"column":0},"end":{"line":19,"column":30}},"19":{"start":{"line":20,"column":0},"end":{"line":20,"column":45}},"20":{"start":{"line":21,"column":0},"end":{"line":21,"column":1}},"21":{"start":{"line":22,"column":0},"end":{"line":22,"column":0}},"22":{"start":{"line":23,"column":0},"end":{"line":23,"column":0}},"23":{"start":{"line":24,"column":0},"end":{"line":24,"column":75}},"24":{"start":{"line":25,"column":0},"end":{"line":25,"column":58}},"25":{"start":{"line":26,"column":0},"end":{"line":26,"column":58}},"26":{"start":{"line":27,"column":0},"end":{"line":27,"column":1}}},"s":{"0":1,"1":1,"2":0,"3":0,"4":0,"5":0,"6":1,"7":3,"8":3,"9":3,"10":3,"11":2,"12":2,"13":3,"14":3,"15":1,"16":3,"17":3,"18":3,"19":3,"20":3,"21":1,"22":1,"23":9,"24":9,"25":9,"26":9},"branchMap":{"0":{"type":"branch","line":8,"loc":{"start":{"line":8,"column":0},"end":{"line":15,"column":1}},"locations":[{"start":{"line":8,"column":0},"end":{"line":15,"column":1}}]},"1":{"type":"branch","line":11,"loc":{"start":{"line":11,"column":14},"end":{"line":13,"column":3}},"locations":[{"start":{"line":11,"column":14},"end":{"line":13,"column":3}}]},"2":{"type":"branch","line":12,"loc":{"start":{"line":12,"column":31},"end":{"line":12,"column":62}},"locations":[{"start":{"line":12,"column":31},"end":{"line":12,"column":62}}]},"3":{"type":"branch","line":12,"loc":{"start":{"line":12,"column":63},"end":{"line":12,"column":91}},"locations":[{"start":{"line":12,"column":63},"end":{"line":12,"column":91}}]},"4":{"type":"branch","line":17,"loc":{"start":{"line":17,"column":0},"end":{"line":21,"column":1}},"locations":[{"start":{"line":17,"column":0},"end":{"line":21,"column":1}}]},"5":{"type":"branch","line":20,"loc":{"start":{"line":20,"column":38},"end":{"line":20,"column":44}},"locations":[{"start":{"line":20,"column":38},"end":{"line":20,"column":44}}]},"6":{"type":"branch","line":24,"loc":{"start":{"line":24,"column":0},"end":{"line":27,"column":1}},"locations":[{"start":{"line":24,"column":0},"end":{"line":27,"column":1}}]},"7":{"type":"branch","line":25,"loc":{"start":{"line":25,"column":33},"end":{"line":25,"column":47}},"locations":[{"start":{"line":25,"column":33},"end":{"line":25,"column":47}}]},"8":{"type":"branch","line":25,"loc":{"start":{"line":25,"column":48},"end":{"line":25,"column":57}},"locations":[{"start":{"line":25,"column":48},"end":{"line":25,"column":57}}]},"9":{"type":"branch","line":26,"loc":{"start":{"line":26,"column":28},"end":{"line":26,"column":57}},"locations":[{"start":{"line":26,"column":28},"end":{"line":26,"column":57}}]}},"b":{"0":[3],"1":[2],"2":[1],"3":[1],"4":[3],"5":[0],"6":[9],"7":[3],"8":[6],"9":[2]},"fnMap":{"0":{"name":"zfill","decl":{"start":{"line":3,"column":0},"end":{"line":6,"column":1}},"loc":{"start":{"line":3,"column":0},"end":{"line":6,"column":1}},"line":3},"1":{"name":"parseArgv","decl":{"start":{"line":8,"column":0},"end":{"line":15,"column":1}},"loc":{"start":{"line":8,"column":0},"end":{"line":15,"column":1}},"line":8},"2":{"name":"findJsonFromOutput","decl":{"start":{"line":17,"column":0},"end":{"line":21,"column":1}},"loc":{"start":{"line":17,"column":0},"end":{"line":21,"column":1}},"line":17},"3":{"name":"isNumeric","decl":{"start":{"line":24,"column":0},"end":{"line":27,"column":1}},"loc":{"start":{"line":24,"column":0},"end":{"line":27,"column":1}},"line":24}},"f":{"0":0,"1":3,"2":3,"3":9}}
}
