TN:
SF:utils\format.ts
FN:3,zfill
FN:8,parseArgv
FN:17,findJsonFromOutput
FN:24,isNumeric
FNF:4
FNH:3
FNDA:0,zfill
FNDA:3,parseArgv
FNDA:3,findJsonFromOutput
FNDA:9,isNumeric
DA:1,1
DA:2,1
DA:3,0
DA:4,0
DA:5,0
DA:6,0
DA:7,1
DA:8,3
DA:9,3
DA:10,3
DA:11,3
DA:12,2
DA:13,2
DA:14,3
DA:15,3
DA:16,1
DA:17,3
DA:18,3
DA:19,3
DA:20,3
DA:21,3
DA:22,1
DA:23,1
DA:24,9
DA:25,9
DA:26,9
DA:27,9
LF:27
LH:23
BRDA:8,0,0,3
BRDA:11,1,0,2
BRDA:12,2,0,1
BRDA:12,3,0,1
BRDA:17,4,0,3
BRDA:20,5,0,0
BRDA:24,6,0,9
BRDA:25,7,0,3
BRDA:25,8,0,6
BRDA:26,9,0,2
BRF:10
BRH:9
end_of_record
